#0 building with "desktop-linux" instance using docker driver

#1 [internal] load build definition from Dockerfile.frontend
#1 transferring dockerfile: 1.44kB 0.0s done
#1 DONE 0.0s

#2 [internal] load metadata for docker.io/library/nginx:alpine
#2 ...

#3 [internal] load metadata for docker.io/library/node:20-alpine
#3 DONE 0.7s

#2 [internal] load metadata for docker.io/library/nginx:alpine
#2 DONE 1.3s

#4 [internal] load .dockerignore
#4 transferring context: 2B done
#4 DONE 0.0s

#5 [internal] load build context
#5 transferring context: 2B 0.0s done
#5 DONE 0.1s

#6 [stage-1 1/3] FROM docker.io/library/nginx:alpine@sha256:b3c656d55d7ad751196f21b7fd2e8d4da9cb430e32f646adcf92441b72f82b14
#6 resolve docker.io/library/nginx:alpine@sha256:b3c656d55d7ad751196f21b7fd2e8d4da9cb430e32f646adcf92441b72f82b14
#6 resolve docker.io/library/nginx:alpine@sha256:b3c656d55d7ad751196f21b7fd2e8d4da9cb430e32f646adcf92441b72f82b14 0.1s done
#6 CANCELED

#7 [stage-1 2/3] COPY --from=builder /app/build /usr/share/nginx/html
#7 CACHED

#8 [builder 2/6] WORKDIR /app
#8 CACHED

#9 [builder 3/6] COPY frontend-web/package*.json ./
#9 CACHED

#10 [builder 4/6] RUN npm ci --legacy-peer-deps
#10 CACHED

#11 [builder 5/6] COPY frontend-web/ ./
#11 CACHED

#12 [builder 6/6] RUN npm run build
#12 CACHED

#13 [stage-1 3/3] COPY .production/configs/nginx.conf /etc/nginx/conf.d/default.conf
#13 ERROR: failed to calculate checksum of ref 8lz6dlfcbk4fgxferw65xhjdp::29rd84bpnkigz455hduq2zxxv: "/.production/configs/nginx.conf": not found

#14 [builder 1/6] FROM docker.io/library/node:20-alpine@sha256:6178e78b972f79c335df281f4b7674a2d85071aae2af020ffa39f0a770265435
#14 resolve docker.io/library/node:20-alpine@sha256:6178e78b972f79c335df281f4b7674a2d85071aae2af020ffa39f0a770265435 0.1s done
#14 CANCELED
------
 > [stage-1 3/3] COPY .production/configs/nginx.conf /etc/nginx/conf.d/default.conf:
------
Dockerfile.frontend:40
--------------------
  38 |     
  39 |     # Copiar configura├º├úo customizada do nginx
  40 | >>> COPY .production/configs/nginx.conf /etc/nginx/conf.d/default.conf
  41 |     
  42 |     # Expor porta 80
--------------------
ERROR: failed to build: failed to solve: failed to compute cache key: failed to calculate checksum of ref 8lz6dlfcbk4fgxferw65xhjdp::29rd84bpnkigz455hduq2zxxv: "/.production/configs/nginx.conf": not found

View build details: docker-desktop://dashboard/build/desktop-linux/desktop-linux/437ypxpizcz7xf9ter6sb6u8r
